[ 2016-08-08T09:24:18+08:00 ] ::1 /jiaolianyuan/index.php
INFO: [ app_init ] --START--
INFO: Run Behavior\BuildLiteBehavior [ RunTime:0.000038s ]
INFO: [ app_init ] --END-- [ RunTime:0.053474s ]
INFO: [ app_begin ] --START--
INFO: Run Behavior\ReadHtmlCacheBehavior [ RunTime:0.002031s ]
INFO: [ app_begin ] --END-- [ RunTime:0.002310s ]
SQL: SHOW COLUMNS FROM `course` [ RunTime:0.1008s ]
SQL: SELECT `id`,`cname` FROM `course`  [ RunTime:0.0726s ]
SQL: SHOW COLUMNS FROM `class` [ RunTime:0.0383s ]
SQL: SELECT `id`,`classPic` FROM `class` LIMIT 0,5   [ RunTime:0.0693s ]
SQL: SELECT `id` FROM `course` WHERE `cname` = 'PHP工程师' LIMIT 0,1   [ RunTime:0.0274s ]
SQL: SELECT `id`,`classPic` FROM `class` WHERE ( classCate=1 ) LIMIT 3,8   [ RunTime:0.0014s ]
INFO: [ view_parse ] --START--
INFO: [ template_filter ] --START--
INFO: Run Behavior\ContentReplaceBehavior [ RunTime:0.000238s ]
INFO: [ template_filter ] --END-- [ RunTime:0.000372s ]
NOTIC: [8] Undefined variable: list D:\myenvironment\AppServ\www\jiaolianyuan\APP\Runtime\Cache\Home\a59b5e3d0bfe1e0eebc9ef04a084f7b9.php 第 81 行.
NOTIC: [8] Undefined variable: classList D:\myenvironment\AppServ\www\jiaolianyuan\APP\Runtime\Cache\Home\a59b5e3d0bfe1e0eebc9ef04a084f7b9.php 第 112 行.
NOTIC: [8] Undefined variable: classList D:\myenvironment\AppServ\www\jiaolianyuan\APP\Runtime\Cache\Home\a59b5e3d0bfe1e0eebc9ef04a084f7b9.php 第 112 行.
NOTIC: [8] Undefined variable: classList D:\myenvironment\AppServ\www\jiaolianyuan\APP\Runtime\Cache\Home\a59b5e3d0bfe1e0eebc9ef04a084f7b9.php 第 112 行.
NOTIC: [8] Undefined variable: classList D:\myenvironment\AppServ\www\jiaolianyuan\APP\Runtime\Cache\Home\a59b5e3d0bfe1e0eebc9ef04a084f7b9.php 第 112 行.
NOTIC: [8] Undefined variable: classList D:\myenvironment\AppServ\www\jiaolianyuan\APP\Runtime\Cache\Home\a59b5e3d0bfe1e0eebc9ef04a084f7b9.php 第 112 行.
INFO: Run Behavior\ParseTemplateBehavior [ RunTime:0.076975s ]
INFO: [ view_parse ] --END-- [ RunTime:0.077147s ]
INFO: [ view_filter ] --START--
INFO: Run Behavior\WriteHtmlCacheBehavior [ RunTime:0.001729s ]
INFO: [ view_filter ] --END-- [ RunTime:0.001872s ]
INFO: [ app_end ] --START--
INFO: Run Behavior\ShowPageTraceBehavior [ RunTime:0.002603s ]
INFO: [ app_end ] --END-- [ RunTime:0.002818s ]

[ 2016-08-08T09:24:38+08:00 ] ::1 /jiaolianyuan/index.php/Home/Login/login.html
INFO: [ app_init ] --START--
INFO: Run Behavior\BuildLiteBehavior [ RunTime:0.000036s ]
INFO: [ app_init ] --END-- [ RunTime:0.001496s ]
INFO: [ app_begin ] --START--
INFO: Run Behavior\ReadHtmlCacheBehavior [ RunTime:0.001818s ]
INFO: [ app_begin ] --END-- [ RunTime:0.001970s ]
INFO: [ view_parse ] --START--
INFO: [ template_filter ] --START--
INFO: Run Behavior\ContentReplaceBehavior [ RunTime:0.000132s ]
INFO: [ template_filter ] --END-- [ RunTime:0.000272s ]
INFO: Run Behavior\ParseTemplateBehavior [ RunTime:0.029685s ]
INFO: [ view_parse ] --END-- [ RunTime:0.029834s ]
INFO: [ view_filter ] --START--
INFO: Run Behavior\WriteHtmlCacheBehavior [ RunTime:0.001216s ]
INFO: [ view_filter ] --END-- [ RunTime:0.001329s ]
INFO: [ app_end ] --START--
INFO: Run Behavior\ShowPageTraceBehavior [ RunTime:0.002024s ]
INFO: [ app_end ] --END-- [ RunTime:0.002151s ]

[ 2016-08-08T09:24:38+08:00 ] ::1 /jiaolianyuan/index.php/Home/Login/verify
INFO: [ app_init ] --START--
INFO: Run Behavior\BuildLiteBehavior [ RunTime:0.000058s ]
INFO: [ app_init ] --END-- [ RunTime:0.002681s ]
INFO: [ app_begin ] --START--
INFO: Run Behavior\ReadHtmlCacheBehavior [ RunTime:0.002676s ]
INFO: [ app_begin ] --END-- [ RunTime:0.003064s ]
INFO: [ app_end ] --START--
INFO: Run Behavior\ShowPageTraceBehavior [ RunTime:0.001782s ]
INFO: [ app_end ] --END-- [ RunTime:0.001955s ]

[ 2016-08-08T09:25:41+08:00 ] ::1 /jiaolianyuan/index.php/Home/Login/login.html
INFO: [ app_init ] --START--
INFO: Run Behavior\BuildLiteBehavior [ RunTime:0.000060s ]
INFO: [ app_init ] --END-- [ RunTime:0.002322s ]
INFO: [ app_begin ] --START--
INFO: Run Behavior\ReadHtmlCacheBehavior [ RunTime:0.004138s ]
INFO: [ app_begin ] --END-- [ RunTime:0.004312s ]
INFO: [ view_parse ] --START--
INFO: [ template_filter ] --START--
INFO: Run Behavior\ContentReplaceBehavior [ RunTime:0.000141s ]
INFO: [ template_filter ] --END-- [ RunTime:0.000301s ]
INFO: Run Behavior\ParseTemplateBehavior [ RunTime:0.027732s ]
INFO: [ view_parse ] --END-- [ RunTime:0.027924s ]
INFO: [ view_filter ] --START--
INFO: Run Behavior\WriteHtmlCacheBehavior [ RunTime:0.003776s ]
INFO: [ view_filter ] --END-- [ RunTime:0.003925s ]
INFO: [ app_end ] --START--
INFO: Run Behavior\ShowPageTraceBehavior [ RunTime:0.005127s ]
INFO: [ app_end ] --END-- [ RunTime:0.005260s ]

[ 2016-08-08T09:25:41+08:00 ] ::1 /jiaolianyuan/index.php/Home/Login/verify
INFO: [ app_init ] --START--
INFO: Run Behavior\BuildLiteBehavior [ RunTime:0.000047s ]
INFO: [ app_init ] --END-- [ RunTime:0.005379s ]
INFO: [ app_begin ] --START--
INFO: Run Behavior\ReadHtmlCacheBehavior [ RunTime:0.004690s ]
INFO: [ app_begin ] --END-- [ RunTime:0.005073s ]
INFO: [ app_end ] --START--
INFO: Run Behavior\ShowPageTraceBehavior [ RunTime:0.004435s ]
INFO: [ app_end ] --END-- [ RunTime:0.004636s ]

[ 2016-08-08T09:25:49+08:00 ] ::1 /jiaolianyuan/index.php/Home/Login/do_login
INFO: [ app_init ] --START--
INFO: Run Behavior\BuildLiteBehavior [ RunTime:0.000040s ]
INFO: [ app_init ] --END-- [ RunTime:0.002057s ]
INFO: [ app_begin ] --START--
INFO: Run Behavior\ReadHtmlCacheBehavior [ RunTime:0.006119s ]
INFO: [ app_begin ] --END-- [ RunTime:0.006304s ]
SQL: SHOW COLUMNS FROM `student` [ RunTime:0.0039s ]
SQL: SELECT * FROM `student` WHERE ( stuName='13922035737' AND password='3a300c48b47b714d9821dc473304aa84'  ) LIMIT 1   [ RunTime:0.0010s ]
SQL: SELECT * FROM `student` WHERE ( stuName='13922035737' AND password='3a300c48b47b714d9821dc473304aa84'  ) LIMIT 1   [ RunTime:0.0008s ]
SQL: SELECT * FROM `student` WHERE ( phone='13922035737' AND password='3a300c48b47b714d9821dc473304aa84'  ) LIMIT 1   [ RunTime:0.0008s ]
INFO: [ view_parse ] --START--
INFO: [ template_filter ] --START--
INFO: Run Behavior\ContentReplaceBehavior [ RunTime:0.000088s ]
INFO: [ template_filter ] --END-- [ RunTime:0.000213s ]
INFO: Run Behavior\ParseTemplateBehavior [ RunTime:0.053511s ]
INFO: [ view_parse ] --END-- [ RunTime:0.053724s ]
INFO: [ view_filter ] --START--
INFO: Run Behavior\WriteHtmlCacheBehavior [ RunTime:0.003582s ]
INFO: [ view_filter ] --END-- [ RunTime:0.003703s ]
INFO: [ app_end ] --START--
INFO: Run Behavior\ShowPageTraceBehavior [ RunTime:0.004650s ]
INFO: [ app_end ] --END-- [ RunTime:0.004768s ]

[ 2016-08-08T09:25:52+08:00 ] ::1 /jiaolianyuan/index.php/Home/Index/index.html
INFO: [ app_init ] --START--
INFO: Run Behavior\BuildLiteBehavior [ RunTime:0.000052s ]
INFO: [ app_init ] --END-- [ RunTime:0.002792s ]
INFO: [ app_begin ] --START--
INFO: Run Behavior\ReadHtmlCacheBehavior [ RunTime:0.007197s ]
INFO: [ app_begin ] --END-- [ RunTime:0.007447s ]
SQL: SHOW COLUMNS FROM `course` [ RunTime:0.0050s ]
SQL: SELECT `id`,`cname` FROM `course`  [ RunTime:0.0009s ]
SQL: SHOW COLUMNS FROM `class` [ RunTime:0.0057s ]
SQL: SELECT `id`,`classPic` FROM `class` LIMIT 0,5   [ RunTime:0.0008s ]
SQL: SELECT `id` FROM `course` WHERE `cname` = 'PHP工程师' LIMIT 0,1   [ RunTime:0.0006s ]
SQL: SELECT `id`,`classPic` FROM `class` WHERE ( classCate=1 ) LIMIT 3,8   [ RunTime:0.0008s ]
INFO: [ view_parse ] --START--
INFO: [ template_filter ] --START--
INFO: Run Behavior\ContentReplaceBehavior [ RunTime:0.000230s ]
INFO: [ template_filter ] --END-- [ RunTime:0.000361s ]
NOTIC: [8] Undefined variable: list D:\myenvironment\AppServ\www\jiaolianyuan\APP\Runtime\Cache\Home\a59b5e3d0bfe1e0eebc9ef04a084f7b9.php 第 81 行.
NOTIC: [8] Undefined variable: classList D:\myenvironment\AppServ\www\jiaolianyuan\APP\Runtime\Cache\Home\a59b5e3d0bfe1e0eebc9ef04a084f7b9.php 第 112 行.
NOTIC: [8] Undefined variable: classList D:\myenvironment\AppServ\www\jiaolianyuan\APP\Runtime\Cache\Home\a59b5e3d0bfe1e0eebc9ef04a084f7b9.php 第 112 行.
NOTIC: [8] Undefined variable: classList D:\myenvironment\AppServ\www\jiaolianyuan\APP\Runtime\Cache\Home\a59b5e3d0bfe1e0eebc9ef04a084f7b9.php 第 112 行.
NOTIC: [8] Undefined variable: classList D:\myenvironment\AppServ\www\jiaolianyuan\APP\Runtime\Cache\Home\a59b5e3d0bfe1e0eebc9ef04a084f7b9.php 第 112 行.
NOTIC: [8] Undefined variable: classList D:\myenvironment\AppServ\www\jiaolianyuan\APP\Runtime\Cache\Home\a59b5e3d0bfe1e0eebc9ef04a084f7b9.php 第 112 行.
INFO: Run Behavior\ParseTemplateBehavior [ RunTime:0.052351s ]
INFO: [ view_parse ] --END-- [ RunTime:0.052537s ]
INFO: [ view_filter ] --START--
INFO: Run Behavior\WriteHtmlCacheBehavior [ RunTime:0.006197s ]
INFO: [ view_filter ] --END-- [ RunTime:0.006393s ]
INFO: [ app_end ] --START--
INFO: Run Behavior\ShowPageTraceBehavior [ RunTime:0.007126s ]
INFO: [ app_end ] --END-- [ RunTime:0.007341s ]

[ 2016-08-08T09:25:54+08:00 ] ::1 /jiaolianyuan/index.php/Home/Login/login.html
INFO: [ app_init ] --START--
INFO: Run Behavior\BuildLiteBehavior [ RunTime:0.000039s ]
INFO: [ app_init ] --END-- [ RunTime:0.002038s ]
INFO: [ app_begin ] --START--
INFO: Run Behavior\ReadHtmlCacheBehavior [ RunTime:0.004485s ]
INFO: [ app_begin ] --END-- [ RunTime:0.004693s ]
INFO: [ view_parse ] --START--
INFO: [ template_filter ] --START--
INFO: Run Behavior\ContentReplaceBehavior [ RunTime:0.000233s ]
INFO: [ template_filter ] --END-- [ RunTime:0.000470s ]
INFO: Run Behavior\ParseTemplateBehavior [ RunTime:0.030853s ]
INFO: [ view_parse ] --END-- [ RunTime:0.031019s ]
INFO: [ view_filter ] --START--
INFO: Run Behavior\WriteHtmlCacheBehavior [ RunTime:0.004998s ]
INFO: [ view_filter ] --END-- [ RunTime:0.005168s ]
INFO: [ app_end ] --START--
INFO: Run Behavior\ShowPageTraceBehavior [ RunTime:0.005222s ]
INFO: [ app_end ] --END-- [ RunTime:0.005368s ]

[ 2016-08-08T09:25:55+08:00 ] ::1 /jiaolianyuan/index.php/Home/Login/verify
INFO: [ app_init ] --START--
INFO: Run Behavior\BuildLiteBehavior [ RunTime:0.000038s ]
INFO: [ app_init ] --END-- [ RunTime:0.002316s ]
INFO: [ app_begin ] --START--
INFO: Run Behavior\ReadHtmlCacheBehavior [ RunTime:0.004176s ]
INFO: [ app_begin ] --END-- [ RunTime:0.004346s ]
INFO: [ app_end ] --START--
INFO: Run Behavior\ShowPageTraceBehavior [ RunTime:0.005108s ]
INFO: [ app_end ] --END-- [ RunTime:0.005325s ]

[ 2016-08-08T09:26:12+08:00 ] ::1 /jiaolianyuan/index.php/Home/Login/do_login
INFO: [ app_init ] --START--
INFO: Run Behavior\BuildLiteBehavior [ RunTime:0.000036s ]
INFO: [ app_init ] --END-- [ RunTime:0.002035s ]
INFO: [ app_begin ] --START--
INFO: Run Behavior\ReadHtmlCacheBehavior [ RunTime:0.010082s ]
INFO: [ app_begin ] --END-- [ RunTime:0.010350s ]
SQL: SHOW COLUMNS FROM `student` [ RunTime:0.0055s ]
SQL: SELECT * FROM `student` WHERE ( stuName='xiaopeng' AND password='3a300c48b47b714d9821dc473304aa84'  ) LIMIT 1   [ RunTime:0.0012s ]
SQL: SELECT * FROM `student` WHERE ( stuName='xiaopeng' AND password='3a300c48b47b714d9821dc473304aa84'  ) LIMIT 1   [ RunTime:0.0011s ]
SQL: SELECT * FROM `student` WHERE ( phone='xiaopeng' AND password='3a300c48b47b714d9821dc473304aa84'  ) LIMIT 1   [ RunTime:0.0012s ]
INFO: [ view_parse ] --START--
INFO: [ template_filter ] --START--
INFO: Run Behavior\ContentReplaceBehavior [ RunTime:0.000151s ]
INFO: [ template_filter ] --END-- [ RunTime:0.000355s ]
INFO: Run Behavior\ParseTemplateBehavior [ RunTime:0.044026s ]
INFO: [ view_parse ] --END-- [ RunTime:0.044380s ]
INFO: [ view_filter ] --START--
INFO: Run Behavior\WriteHtmlCacheBehavior [ RunTime:0.005536s ]
INFO: [ view_filter ] --END-- [ RunTime:0.005766s ]
INFO: [ app_end ] --START--
INFO: Run Behavior\ShowPageTraceBehavior [ RunTime:0.005032s ]
INFO: [ app_end ] --END-- [ RunTime:0.005217s ]

[ 2016-08-08T09:26:15+08:00 ] ::1 /jiaolianyuan/index.php/Home/Index/index.html
INFO: [ app_init ] --START--
INFO: Run Behavior\BuildLiteBehavior [ RunTime:0.000042s ]
INFO: [ app_init ] --END-- [ RunTime:0.003815s ]
INFO: [ app_begin ] --START--
INFO: Run Behavior\ReadHtmlCacheBehavior [ RunTime:0.007646s ]
INFO: [ app_begin ] --END-- [ RunTime:0.007840s ]
SQL: SHOW COLUMNS FROM `course` [ RunTime:0.0052s ]
SQL: SELECT `id`,`cname` FROM `course`  [ RunTime:0.0007s ]
SQL: SHOW COLUMNS FROM `class` [ RunTime:0.0037s ]
SQL: SELECT `id`,`classPic` FROM `class` LIMIT 0,5   [ RunTime:0.0008s ]
SQL: SELECT `id` FROM `course` WHERE `cname` = 'PHP工程师' LIMIT 0,1   [ RunTime:0.0007s ]
SQL: SELECT `id`,`classPic` FROM `class` WHERE ( classCate=1 ) LIMIT 3,8   [ RunTime:0.0008s ]
INFO: [ view_parse ] --START--
INFO: [ template_filter ] --START--
INFO: Run Behavior\ContentReplaceBehavior [ RunTime:0.000240s ]
INFO: [ template_filter ] --END-- [ RunTime:0.000384s ]
NOTIC: [8] Undefined variable: list D:\myenvironment\AppServ\www\jiaolianyuan\APP\Runtime\Cache\Home\a59b5e3d0bfe1e0eebc9ef04a084f7b9.php 第 81 行.
NOTIC: [8] Undefined variable: classList D:\myenvironment\AppServ\www\jiaolianyuan\APP\Runtime\Cache\Home\a59b5e3d0bfe1e0eebc9ef04a084f7b9.php 第 112 行.
NOTIC: [8] Undefined variable: classList D:\myenvironment\AppServ\www\jiaolianyuan\APP\Runtime\Cache\Home\a59b5e3d0bfe1e0eebc9ef04a084f7b9.php 第 112 行.
NOTIC: [8] Undefined variable: classList D:\myenvironment\AppServ\www\jiaolianyuan\APP\Runtime\Cache\Home\a59b5e3d0bfe1e0eebc9ef04a084f7b9.php 第 112 行.
NOTIC: [8] Undefined variable: classList D:\myenvironment\AppServ\www\jiaolianyuan\APP\Runtime\Cache\Home\a59b5e3d0bfe1e0eebc9ef04a084f7b9.php 第 112 行.
NOTIC: [8] Undefined variable: classList D:\myenvironment\AppServ\www\jiaolianyuan\APP\Runtime\Cache\Home\a59b5e3d0bfe1e0eebc9ef04a084f7b9.php 第 112 行.
INFO: Run Behavior\ParseTemplateBehavior [ RunTime:0.048065s ]
INFO: [ view_parse ] --END-- [ RunTime:0.048462s ]
INFO: [ view_filter ] --START--
INFO: Run Behavior\WriteHtmlCacheBehavior [ RunTime:0.005888s ]
INFO: [ view_filter ] --END-- [ RunTime:0.006104s ]
INFO: [ app_end ] --START--
INFO: Run Behavior\ShowPageTraceBehavior [ RunTime:0.007739s ]
INFO: [ app_end ] --END-- [ RunTime:0.007927s ]

[ 2016-08-08T09:26:20+08:00 ] ::1 /jiaolianyuan/index.php/Home/Login/login.html
INFO: [ app_init ] --START--
INFO: Run Behavior\BuildLiteBehavior [ RunTime:0.000036s ]
INFO: [ app_init ] --END-- [ RunTime:0.001412s ]
INFO: [ app_begin ] --START--
INFO: Run Behavior\ReadHtmlCacheBehavior [ RunTime:0.003631s ]
INFO: [ app_begin ] --END-- [ RunTime:0.003788s ]
INFO: [ view_parse ] --START--
INFO: [ template_filter ] --START--
INFO: Run Behavior\ContentReplaceBehavior [ RunTime:0.000211s ]
INFO: [ template_filter ] --END-- [ RunTime:0.000455s ]
INFO: Run Behavior\ParseTemplateBehavior [ RunTime:0.027695s ]
INFO: [ view_parse ] --END-- [ RunTime:0.027904s ]
INFO: [ view_filter ] --START--
INFO: Run Behavior\WriteHtmlCacheBehavior [ RunTime:0.001796s ]
INFO: [ view_filter ] --END-- [ RunTime:0.001927s ]
INFO: [ app_end ] --START--
INFO: Run Behavior\ShowPageTraceBehavior [ RunTime:0.003452s ]
INFO: [ app_end ] --END-- [ RunTime:0.003669s ]

[ 2016-08-08T09:26:20+08:00 ] ::1 /jiaolianyuan/index.php/Home/Login/verify
INFO: [ app_init ] --START--
INFO: Run Behavior\BuildLiteBehavior [ RunTime:0.000055s ]
INFO: [ app_init ] --END-- [ RunTime:0.003145s ]
INFO: [ app_begin ] --START--
INFO: Run Behavior\ReadHtmlCacheBehavior [ RunTime:0.003549s ]
INFO: [ app_begin ] --END-- [ RunTime:0.003792s ]
INFO: [ app_end ] --START--
INFO: Run Behavior\ShowPageTraceBehavior [ RunTime:0.007405s ]
INFO: [ app_end ] --END-- [ RunTime:0.008354s ]

[ 2016-08-08T09:31:19+08:00 ] ::1 /jiaolianyuan/index.php/Home/Login/login.html
INFO: [ app_init ] --START--
INFO: Run Behavior\BuildLiteBehavior [ RunTime:0.000056s ]
INFO: [ app_init ] --END-- [ RunTime:0.002063s ]
INFO: [ app_begin ] --START--
INFO: Run Behavior\ReadHtmlCacheBehavior [ RunTime:0.003525s ]
INFO: [ app_begin ] --END-- [ RunTime:0.003782s ]
INFO: [ view_parse ] --START--
INFO: [ template_filter ] --START--
INFO: Run Behavior\ContentReplaceBehavior [ RunTime:0.000139s ]
INFO: [ template_filter ] --END-- [ RunTime:0.000296s ]
INFO: Run Behavior\ParseTemplateBehavior [ RunTime:0.029695s ]
INFO: [ view_parse ] --END-- [ RunTime:0.029875s ]
INFO: [ view_filter ] --START--
INFO: Run Behavior\WriteHtmlCacheBehavior [ RunTime:0.001732s ]
INFO: [ view_filter ] --END-- [ RunTime:0.001851s ]
INFO: [ app_end ] --START--
INFO: Run Behavior\ShowPageTraceBehavior [ RunTime:0.002326s ]
INFO: [ app_end ] --END-- [ RunTime:0.002451s ]

[ 2016-08-08T09:31:19+08:00 ] ::1 /jiaolianyuan/index.php/Home/Login/verify
INFO: [ app_init ] --START--
INFO: Run Behavior\BuildLiteBehavior [ RunTime:0.000062s ]
INFO: [ app_init ] --END-- [ RunTime:0.005424s ]
INFO: [ app_begin ] --START--
INFO: Run Behavior\ReadHtmlCacheBehavior [ RunTime:0.018096s ]
INFO: [ app_begin ] --END-- [ RunTime:0.018576s ]
INFO: [ app_end ] --START--
INFO: Run Behavior\ShowPageTraceBehavior [ RunTime:0.004473s ]
INFO: [ app_end ] --END-- [ RunTime:0.004764s ]

[ 2016-08-08T09:31:25+08:00 ] ::1 /jiaolianyuan/index.php/Home/Login/do_login
INFO: [ app_init ] --START--
INFO: Run Behavior\BuildLiteBehavior [ RunTime:0.000074s ]
INFO: [ app_init ] --END-- [ RunTime:0.002372s ]
INFO: [ app_begin ] --START--
INFO: Run Behavior\ReadHtmlCacheBehavior [ RunTime:0.002304s ]
INFO: [ app_begin ] --END-- [ RunTime:0.002481s ]
SQL: SHOW COLUMNS FROM `teacher` [ RunTime:0.0042s ]
SQL: SELECT * FROM `teacher` WHERE ( phone='13922035737' AND password='3a300c48b47b714d9821dc473304aa84'  ) LIMIT 1   [ RunTime:0.0010s ]
SQL: SELECT * FROM `teacher` WHERE ( tname='13922035737' AND password='3a300c48b47b714d9821dc473304aa84'  ) LIMIT 1   [ RunTime:0.0008s ]
NOTIC: [8] Undefined variable: result D:\myenvironment\AppServ\www\jiaolianyuan\APP\Home\Controller\LoginController.class.php 第 75 行.
NOTIC: [8] Undefined variable: result D:\myenvironment\AppServ\www\jiaolianyuan\APP\Home\Controller\LoginController.class.php 第 76 行.
NOTIC: [8] Undefined variable: result D:\myenvironment\AppServ\www\jiaolianyuan\APP\Home\Controller\LoginController.class.php 第 77 行.
INFO: [ view_parse ] --START--
INFO: [ template_filter ] --START--
INFO: Run Behavior\ContentReplaceBehavior [ RunTime:0.000095s ]
INFO: [ template_filter ] --END-- [ RunTime:0.000234s ]
INFO: Run Behavior\ParseTemplateBehavior [ RunTime:0.020726s ]
INFO: [ view_parse ] --END-- [ RunTime:0.020946s ]
INFO: [ view_filter ] --START--
INFO: Run Behavior\WriteHtmlCacheBehavior [ RunTime:0.002408s ]
INFO: [ view_filter ] --END-- [ RunTime:0.002567s ]
INFO: [ app_end ] --START--
INFO: Run Behavior\ShowPageTraceBehavior [ RunTime:0.003066s ]
INFO: [ app_end ] --END-- [ RunTime:0.003266s ]

[ 2016-08-08T09:31:29+08:00 ] ::1 /jiaolianyuan/index.php/Home/Login/login.html
INFO: [ app_init ] --START--
INFO: Run Behavior\BuildLiteBehavior [ RunTime:0.000039s ]
INFO: [ app_init ] --END-- [ RunTime:0.001636s ]
INFO: [ app_begin ] --START--
INFO: Run Behavior\ReadHtmlCacheBehavior [ RunTime:0.002374s ]
INFO: [ app_begin ] --END-- [ RunTime:0.002545s ]
INFO: [ view_parse ] --START--
INFO: [ template_filter ] --START--
INFO: Run Behavior\ContentReplaceBehavior [ RunTime:0.000137s ]
INFO: [ template_filter ] --END-- [ RunTime:0.000284s ]
INFO: Run Behavior\ParseTemplateBehavior [ RunTime:0.019880s ]
INFO: [ view_parse ] --END-- [ RunTime:0.020068s ]
INFO: [ view_filter ] --START--
INFO: Run Behavior\WriteHtmlCacheBehavior [ RunTime:0.001819s ]
INFO: [ view_filter ] --END-- [ RunTime:0.001937s ]
INFO: [ app_end ] --START--
INFO: Run Behavior\ShowPageTraceBehavior [ RunTime:0.002889s ]
INFO: [ app_end ] --END-- [ RunTime:0.003065s ]

[ 2016-08-08T09:31:29+08:00 ] ::1 /jiaolianyuan/index.php/Home/Login/verify
INFO: [ app_init ] --START--
INFO: Run Behavior\BuildLiteBehavior [ RunTime:0.000052s ]
INFO: [ app_init ] --END-- [ RunTime:0.016415s ]
INFO: [ app_begin ] --START--
INFO: Run Behavior\ReadHtmlCacheBehavior [ RunTime:0.002366s ]
INFO: [ app_begin ] --END-- [ RunTime:0.002534s ]
INFO: [ app_end ] --START--
INFO: Run Behavior\ShowPageTraceBehavior [ RunTime:0.004040s ]
INFO: [ app_end ] --END-- [ RunTime:0.004301s ]

[ 2016-08-08T09:31:46+08:00 ] ::1 /jiaolianyuan/index.php/Home/Login/do_login
INFO: [ app_init ] --START--
INFO: Run Behavior\BuildLiteBehavior [ RunTime:0.000067s ]
INFO: [ app_init ] --END-- [ RunTime:0.002395s ]
INFO: [ app_begin ] --START--
INFO: Run Behavior\ReadHtmlCacheBehavior [ RunTime:0.003091s ]
INFO: [ app_begin ] --END-- [ RunTime:0.003273s ]
SQL: SHOW COLUMNS FROM `teacher` [ RunTime:0.0036s ]
SQL: SELECT * FROM `teacher` WHERE ( phone='dada' AND password='3a300c48b47b714d9821dc473304aa84'  ) LIMIT 1   [ RunTime:0.0009s ]
SQL: SELECT * FROM `teacher` WHERE ( tname='dada' AND password='3a300c48b47b714d9821dc473304aa84'  ) LIMIT 1   [ RunTime:0.0009s ]
NOTIC: [8] Undefined variable: result D:\myenvironment\AppServ\www\jiaolianyuan\APP\Home\Controller\LoginController.class.php 第 75 行.
NOTIC: [8] Undefined variable: result D:\myenvironment\AppServ\www\jiaolianyuan\APP\Home\Controller\LoginController.class.php 第 76 行.
NOTIC: [8] Undefined variable: result D:\myenvironment\AppServ\www\jiaolianyuan\APP\Home\Controller\LoginController.class.php 第 77 行.
INFO: [ view_parse ] --START--
INFO: [ template_filter ] --START--
INFO: Run Behavior\ContentReplaceBehavior [ RunTime:0.000195s ]
INFO: [ template_filter ] --END-- [ RunTime:0.000358s ]
INFO: Run Behavior\ParseTemplateBehavior [ RunTime:0.020186s ]
INFO: [ view_parse ] --END-- [ RunTime:0.020404s ]
INFO: [ view_filter ] --START--
INFO: Run Behavior\WriteHtmlCacheBehavior [ RunTime:0.001937s ]
INFO: [ view_filter ] --END-- [ RunTime:0.002053s ]
INFO: [ app_end ] --START--
INFO: Run Behavior\ShowPageTraceBehavior [ RunTime:0.002467s ]
INFO: [ app_end ] --END-- [ RunTime:0.002588s ]

[ 2016-08-08T09:31:49+08:00 ] ::1 /jiaolianyuan/index.php/Home/Index/index.html
INFO: [ app_init ] --START--
INFO: Run Behavior\BuildLiteBehavior [ RunTime:0.000180s ]
INFO: [ app_init ] --END-- [ RunTime:0.002529s ]
INFO: [ app_begin ] --START--
INFO: Run Behavior\ReadHtmlCacheBehavior [ RunTime:0.002976s ]
INFO: [ app_begin ] --END-- [ RunTime:0.003187s ]
SQL: SHOW COLUMNS FROM `course` [ RunTime:0.0056s ]
SQL: SELECT `id`,`cname` FROM `course`  [ RunTime:0.0008s ]
SQL: SHOW COLUMNS FROM `class` [ RunTime:0.0053s ]
SQL: SELECT `id`,`classPic` FROM `class` LIMIT 0,5   [ RunTime:0.0009s ]
SQL: SELECT `id` FROM `course` WHERE `cname` = 'PHP工程师' LIMIT 0,1   [ RunTime:0.0006s ]
SQL: SELECT `id`,`classPic` FROM `class` WHERE ( classCate=1 ) LIMIT 3,8   [ RunTime:0.0007s ]
INFO: [ view_parse ] --START--
INFO: [ template_filter ] --START--
INFO: Run Behavior\ContentReplaceBehavior [ RunTime:0.000365s ]
INFO: [ template_filter ] --END-- [ RunTime:0.000581s ]
NOTIC: [8] Undefined variable: list D:\myenvironment\AppServ\www\jiaolianyuan\APP\Runtime\Cache\Home\a59b5e3d0bfe1e0eebc9ef04a084f7b9.php 第 81 行.
NOTIC: [8] Undefined variable: classList D:\myenvironment\AppServ\www\jiaolianyuan\APP\Runtime\Cache\Home\a59b5e3d0bfe1e0eebc9ef04a084f7b9.php 第 112 行.
NOTIC: [8] Undefined variable: classList D:\myenvironment\AppServ\www\jiaolianyuan\APP\Runtime\Cache\Home\a59b5e3d0bfe1e0eebc9ef04a084f7b9.php 第 112 行.
NOTIC: [8] Undefined variable: classList D:\myenvironment\AppServ\www\jiaolianyuan\APP\Runtime\Cache\Home\a59b5e3d0bfe1e0eebc9ef04a084f7b9.php 第 112 行.
NOTIC: [8] Undefined variable: classList D:\myenvironment\AppServ\www\jiaolianyuan\APP\Runtime\Cache\Home\a59b5e3d0bfe1e0eebc9ef04a084f7b9.php 第 112 行.
NOTIC: [8] Undefined variable: classList D:\myenvironment\AppServ\www\jiaolianyuan\APP\Runtime\Cache\Home\a59b5e3d0bfe1e0eebc9ef04a084f7b9.php 第 112 行.
INFO: Run Behavior\ParseTemplateBehavior [ RunTime:0.040641s ]
INFO: [ view_parse ] --END-- [ RunTime:0.040771s ]
INFO: [ view_filter ] --START--
INFO: Run Behavior\WriteHtmlCacheBehavior [ RunTime:0.001791s ]
INFO: [ view_filter ] --END-- [ RunTime:0.001908s ]
INFO: [ app_end ] --START--
INFO: Run Behavior\ShowPageTraceBehavior [ RunTime:0.007781s ]
INFO: [ app_end ] --END-- [ RunTime:0.007993s ]

[ 2016-08-08T10:27:07+08:00 ] ::1 /jiaolianyuan/index.php/Home/Index/index.html
INFO: [ app_init ] --START--
INFO: Run Behavior\BuildLiteBehavior [ RunTime:0.000037s ]
INFO: [ app_init ] --END-- [ RunTime:0.001516s ]
INFO: [ app_begin ] --START--
INFO: Run Behavior\ReadHtmlCacheBehavior [ RunTime:0.002312s ]
INFO: [ app_begin ] --END-- [ RunTime:0.002462s ]
SQL: SHOW COLUMNS FROM `cate` [ RunTime:0.0263s ]
SQL: SELECT `id`,`cname` FROM `cate`  [ RunTime:0.0016s ]
SQL: SHOW COLUMNS FROM `class` [ RunTime:0.0270s ]
SQL: SELECT `id`,`classPic` FROM `class` LIMIT 0,5   [ RunTime:0.0008s ]
SQL: SELECT `id` FROM `cate` WHERE `cname` = 'PHP工程师' LIMIT 0,1   [ RunTime:0.0006s ]
SQL: SELECT `id`,`classPic` FROM `class` WHERE ( classCate=1 ) LIMIT 3,8   [ RunTime:0.0007s ]
INFO: [ view_parse ] --START--
INFO: [ template_filter ] --START--
INFO: Run Behavior\ContentReplaceBehavior [ RunTime:0.000217s ]
INFO: [ template_filter ] --END-- [ RunTime:0.000350s ]
NOTIC: [8] Undefined variable: list D:\myenvironment\AppServ\www\jiaolianyuan\APP\Runtime\Cache\Home\a59b5e3d0bfe1e0eebc9ef04a084f7b9.php 第 81 行.
NOTIC: [8] Undefined variable: classList D:\myenvironment\AppServ\www\jiaolianyuan\APP\Runtime\Cache\Home\a59b5e3d0bfe1e0eebc9ef04a084f7b9.php 第 112 行.
NOTIC: [8] Undefined variable: classList D:\myenvironment\AppServ\www\jiaolianyuan\APP\Runtime\Cache\Home\a59b5e3d0bfe1e0eebc9ef04a084f7b9.php 第 112 行.
NOTIC: [8] Undefined variable: classList D:\myenvironment\AppServ\www\jiaolianyuan\APP\Runtime\Cache\Home\a59b5e3d0bfe1e0eebc9ef04a084f7b9.php 第 112 行.
NOTIC: [8] Undefined variable: classList D:\myenvironment\AppServ\www\jiaolianyuan\APP\Runtime\Cache\Home\a59b5e3d0bfe1e0eebc9ef04a084f7b9.php 第 112 行.
NOTIC: [8] Undefined variable: classList D:\myenvironment\AppServ\www\jiaolianyuan\APP\Runtime\Cache\Home\a59b5e3d0bfe1e0eebc9ef04a084f7b9.php 第 112 行.
INFO: Run Behavior\ParseTemplateBehavior [ RunTime:0.034728s ]
INFO: [ view_parse ] --END-- [ RunTime:0.034935s ]
INFO: [ view_filter ] --START--
INFO: Run Behavior\WriteHtmlCacheBehavior [ RunTime:0.001855s ]
INFO: [ view_filter ] --END-- [ RunTime:0.001978s ]
INFO: [ app_end ] --START--
INFO: Run Behavior\ShowPageTraceBehavior [ RunTime:0.003108s ]
INFO: [ app_end ] --END-- [ RunTime:0.003312s ]

[ 2016-08-08T10:27:08+08:00 ] ::1 /jiaolianyuan/index.php/Home/Index/getClassList?cname=PHP%E5%B7%A5%E7%A8%8B%E5%B8%88
INFO: [ app_init ] --START--
INFO: Run Behavior\BuildLiteBehavior [ RunTime:0.000079s ]
INFO: [ app_init ] --END-- [ RunTime:0.001823s ]
INFO: [ app_begin ] --START--
INFO: Run Behavior\ReadHtmlCacheBehavior [ RunTime:0.002362s ]
INFO: [ app_begin ] --END-- [ RunTime:0.002507s ]
SQL: SHOW COLUMNS FROM `class` [ RunTime:0.0036s ]
SQL: SHOW COLUMNS FROM `cate` [ RunTime:0.0035s ]
SQL: SELECT `id` FROM `cate` WHERE `cname` = 'PHP工程师'  [ RunTime:0.0007s ]
SQL: SELECT `id`,`className` FROM `class` WHERE ( classCate=1 )  [ RunTime:0.0007s ]

[ 2016-08-08T10:27:12+08:00 ] ::1 /jiaolianyuan/index.php/Home/Index/getClassList?cname=PHP%E5%B7%A5%E7%A8%8B%E5%B8%88
INFO: [ app_init ] --START--
INFO: Run Behavior\BuildLiteBehavior [ RunTime:0.000039s ]
INFO: [ app_init ] --END-- [ RunTime:0.001751s ]
INFO: [ app_begin ] --START--
INFO: Run Behavior\ReadHtmlCacheBehavior [ RunTime:0.002267s ]
INFO: [ app_begin ] --END-- [ RunTime:0.002413s ]
SQL: SHOW COLUMNS FROM `class` [ RunTime:0.0036s ]
SQL: SHOW COLUMNS FROM `cate` [ RunTime:0.0033s ]
SQL: SELECT `id` FROM `cate` WHERE `cname` = 'PHP工程师'  [ RunTime:0.0007s ]
SQL: SELECT `id`,`className` FROM `class` WHERE ( classCate=1 )  [ RunTime:0.0008s ]

[ 2016-08-08T10:27:13+08:00 ] ::1 /jiaolianyuan/index.php/Home/Index/getClassList?cname=Android%E5%B7%A5%E7%A8%8B%E5%B8%88
INFO: [ app_init ] --START--
INFO: Run Behavior\BuildLiteBehavior [ RunTime:0.000056s ]
INFO: [ app_init ] --END-- [ RunTime:0.003038s ]
INFO: [ app_begin ] --START--
INFO: Run Behavior\ReadHtmlCacheBehavior [ RunTime:0.004413s ]
INFO: [ app_begin ] --END-- [ RunTime:0.004663s ]
SQL: SHOW COLUMNS FROM `class` [ RunTime:0.0055s ]
SQL: SHOW COLUMNS FROM `cate` [ RunTime:0.0052s ]
SQL: SELECT `id` FROM `cate` WHERE `cname` = 'Android工程师'  [ RunTime:0.0009s ]
SQL: SELECT `id`,`className` FROM `class` WHERE ( classCate=2 )  [ RunTime:0.0016s ]

[ 2016-08-08T10:27:13+08:00 ] ::1 /jiaolianyuan/index.php/Home/Index/getClassList?cname=Android%E5%B7%A5%E7%A8%8B%E5%B8%88
INFO: [ app_init ] --START--
INFO: Run Behavior\BuildLiteBehavior [ RunTime:0.000035s ]
INFO: [ app_init ] --END-- [ RunTime:0.001373s ]
INFO: [ app_begin ] --START--
INFO: Run Behavior\ReadHtmlCacheBehavior [ RunTime:0.002141s ]
INFO: [ app_begin ] --END-- [ RunTime:0.002273s ]
SQL: SHOW COLUMNS FROM `class` [ RunTime:0.0034s ]
SQL: SHOW COLUMNS FROM `cate` [ RunTime:0.0031s ]
SQL: SELECT `id` FROM `cate` WHERE `cname` = 'Android工程师'  [ RunTime:0.0007s ]
SQL: SELECT `id`,`className` FROM `class` WHERE ( classCate=2 )  [ RunTime:0.0007s ]

[ 2016-08-08T10:27:14+08:00 ] ::1 /jiaolianyuan/index.php/Home/Index/getClassList?cname=%E5%89%8D%E7%AB%AF%E5%B7%A5%E7%A8%8B%E5%B8%88
INFO: [ app_init ] --START--
INFO: Run Behavior\BuildLiteBehavior [ RunTime:0.000037s ]
INFO: [ app_init ] --END-- [ RunTime:0.001472s ]
INFO: [ app_begin ] --START--
INFO: Run Behavior\ReadHtmlCacheBehavior [ RunTime:0.003598s ]
INFO: [ app_begin ] --END-- [ RunTime:0.003804s ]
SQL: SHOW COLUMNS FROM `class` [ RunTime:0.0055s ]
SQL: SHOW COLUMNS FROM `cate` [ RunTime:0.0053s ]
SQL: SELECT `id` FROM `cate` WHERE `cname` = '前端工程师'  [ RunTime:0.0009s ]
SQL: SELECT `id`,`className` FROM `class` WHERE ( classCate=3 )  [ RunTime:0.0010s ]

[ 2016-08-08T10:27:16+08:00 ] ::1 /jiaolianyuan/index.php/Home/Index/getClassList?cname=HTML5%E5%B7%A5%E7%A8%8B%E5%B8%88
INFO: [ app_init ] --START--
INFO: Run Behavior\BuildLiteBehavior [ RunTime:0.000037s ]
INFO: [ app_init ] --END-- [ RunTime:0.001407s ]
INFO: [ app_begin ] --START--
INFO: Run Behavior\ReadHtmlCacheBehavior [ RunTime:0.002198s ]
INFO: [ app_begin ] --END-- [ RunTime:0.002334s ]
SQL: SHOW COLUMNS FROM `class` [ RunTime:0.0035s ]
SQL: SHOW COLUMNS FROM `cate` [ RunTime:0.0032s ]
SQL: SELECT `id` FROM `cate` WHERE `cname` = 'HTML5工程师'  [ RunTime:0.0007s ]
SQL: SELECT `id`,`className` FROM `class` WHERE ( classCate=4 )  [ RunTime:0.0008s ]

[ 2016-08-08T10:27:17+08:00 ] ::1 /jiaolianyuan/index.php/Home/Index/getClassList?cname=%E5%B5%8C%E5%85%A5%E5%BC%8F%E5%B7%A5%E7%A8%8B%E5%B8%88
INFO: [ app_init ] --START--
INFO: Run Behavior\BuildLiteBehavior [ RunTime:0.000038s ]
INFO: [ app_init ] --END-- [ RunTime:0.001413s ]
INFO: [ app_begin ] --START--
INFO: Run Behavior\ReadHtmlCacheBehavior [ RunTime:0.002257s ]
INFO: [ app_begin ] --END-- [ RunTime:0.002426s ]
SQL: SHOW COLUMNS FROM `class` [ RunTime:0.0046s ]
SQL: SHOW COLUMNS FROM `cate` [ RunTime:0.0047s ]
SQL: SELECT `id` FROM `cate` WHERE `cname` = '嵌入式工程师'  [ RunTime:0.0009s ]
SQL: SELECT `id`,`className` FROM `class` WHERE ( classCate=5 )  [ RunTime:0.0008s ]

[ 2016-08-08T10:27:18+08:00 ] ::1 /jiaolianyuan/index.php/Home/Index/getClassList?cname=HTML5%E5%B7%A5%E7%A8%8B%E5%B8%88
INFO: [ app_init ] --START--
INFO: Run Behavior\BuildLiteBehavior [ RunTime:0.000086s ]
INFO: [ app_init ] --END-- [ RunTime:0.002656s ]
INFO: [ app_begin ] --START--
INFO: Run Behavior\ReadHtmlCacheBehavior [ RunTime:0.006436s ]
INFO: [ app_begin ] --END-- [ RunTime:0.007236s ]
SQL: SHOW COLUMNS FROM `class` [ RunTime:0.0046s ]
SQL: SHOW COLUMNS FROM `cate` [ RunTime:0.0040s ]
SQL: SELECT `id` FROM `cate` WHERE `cname` = 'HTML5工程师'  [ RunTime:0.0007s ]
SQL: SELECT `id`,`className` FROM `class` WHERE ( classCate=4 )  [ RunTime:0.0014s ]

[ 2016-08-08T10:27:18+08:00 ] ::1 /jiaolianyuan/index.php/Home/Index/getClassList?cname=%E5%89%8D%E7%AB%AF%E5%B7%A5%E7%A8%8B%E5%B8%88
INFO: [ app_init ] --START--
INFO: Run Behavior\BuildLiteBehavior [ RunTime:0.000060s ]
INFO: [ app_init ] --END-- [ RunTime:0.003144s ]
INFO: [ app_begin ] --START--
INFO: Run Behavior\ReadHtmlCacheBehavior [ RunTime:0.003538s ]
INFO: [ app_begin ] --END-- [ RunTime:0.003764s ]
SQL: SHOW COLUMNS FROM `class` [ RunTime:0.0037s ]
SQL: SHOW COLUMNS FROM `cate` [ RunTime:0.0053s ]
SQL: SELECT `id` FROM `cate` WHERE `cname` = '前端工程师'  [ RunTime:0.0008s ]
SQL: SELECT `id`,`className` FROM `class` WHERE ( classCate=3 )  [ RunTime:0.0008s ]

[ 2016-08-08T10:27:18+08:00 ] ::1 /jiaolianyuan/index.php/Home/Index/getClassList?cname=Android%E5%B7%A5%E7%A8%8B%E5%B8%88
INFO: [ app_init ] --START--
INFO: Run Behavior\BuildLiteBehavior [ RunTime:0.000048s ]
INFO: [ app_init ] --END-- [ RunTime:0.001554s ]
INFO: [ app_begin ] --START--
INFO: Run Behavior\ReadHtmlCacheBehavior [ RunTime:0.002332s ]
INFO: [ app_begin ] --END-- [ RunTime:0.002479s ]
SQL: SHOW COLUMNS FROM `class` [ RunTime:0.0056s ]
SQL: SHOW COLUMNS FROM `cate` [ RunTime:0.0058s ]
SQL: SELECT `id` FROM `cate` WHERE `cname` = 'Android工程师'  [ RunTime:0.0020s ]
SQL: SELECT `id`,`className` FROM `class` WHERE ( classCate=2 )  [ RunTime:0.0010s ]

[ 2016-08-08T10:27:18+08:00 ] ::1 /jiaolianyuan/index.php/Home/Index/getClassList?cname=PHP%E5%B7%A5%E7%A8%8B%E5%B8%88
INFO: [ app_init ] --START--
INFO: Run Behavior\BuildLiteBehavior [ RunTime:0.000050s ]
INFO: [ app_init ] --END-- [ RunTime:0.001504s ]
INFO: [ app_begin ] --START--
INFO: Run Behavior\ReadHtmlCacheBehavior [ RunTime:0.002222s ]
INFO: [ app_begin ] --END-- [ RunTime:0.002357s ]
SQL: SHOW COLUMNS FROM `class` [ RunTime:0.0035s ]
SQL: SHOW COLUMNS FROM `cate` [ RunTime:0.0035s ]
SQL: SELECT `id` FROM `cate` WHERE `cname` = 'PHP工程师'  [ RunTime:0.0007s ]
SQL: SELECT `id`,`className` FROM `class` WHERE ( classCate=1 )  [ RunTime:0.0007s ]

[ 2016-08-08T10:27:20+08:00 ] ::1 /jiaolianyuan/index.php/Home/Index/getClassList?cname=Android%E5%B7%A5%E7%A8%8B%E5%B8%88
INFO: [ app_init ] --START--
INFO: Run Behavior\BuildLiteBehavior [ RunTime:0.000056s ]
INFO: [ app_init ] --END-- [ RunTime:0.002216s ]
INFO: [ app_begin ] --START--
INFO: Run Behavior\ReadHtmlCacheBehavior [ RunTime:0.003394s ]
INFO: [ app_begin ] --END-- [ RunTime:0.003631s ]
SQL: SHOW COLUMNS FROM `class` [ RunTime:0.0042s ]
SQL: SHOW COLUMNS FROM `cate` [ RunTime:0.0033s ]
SQL: SELECT `id` FROM `cate` WHERE `cname` = 'Android工程师'  [ RunTime:0.0007s ]
SQL: SELECT `id`,`className` FROM `class` WHERE ( classCate=2 )  [ RunTime:0.0007s ]

[ 2016-08-08T10:27:21+08:00 ] ::1 /jiaolianyuan/index.php/Home/Index/getClassList?cname=%E5%89%8D%E7%AB%AF%E5%B7%A5%E7%A8%8B%E5%B8%88
INFO: [ app_init ] --START--
INFO: Run Behavior\BuildLiteBehavior [ RunTime:0.000036s ]
INFO: [ app_init ] --END-- [ RunTime:0.001395s ]
INFO: [ app_begin ] --START--
INFO: Run Behavior\ReadHtmlCacheBehavior [ RunTime:0.002955s ]
INFO: [ app_begin ] --END-- [ RunTime:0.003192s ]
SQL: SHOW COLUMNS FROM `class` [ RunTime:0.0037s ]
SQL: SHOW COLUMNS FROM `cate` [ RunTime:0.0035s ]
SQL: SELECT `id` FROM `cate` WHERE `cname` = '前端工程师'  [ RunTime:0.0008s ]
SQL: SELECT `id`,`className` FROM `class` WHERE ( classCate=3 )  [ RunTime:0.0007s ]

[ 2016-08-08T10:27:23+08:00 ] ::1 /jiaolianyuan/index.php/Home/Index/getClassList?cname=HTML5%E5%B7%A5%E7%A8%8B%E5%B8%88
INFO: [ app_init ] --START--
INFO: Run Behavior\BuildLiteBehavior [ RunTime:0.000036s ]
INFO: [ app_init ] --END-- [ RunTime:0.001436s ]
INFO: [ app_begin ] --START--
INFO: Run Behavior\ReadHtmlCacheBehavior [ RunTime:0.002263s ]
INFO: [ app_begin ] --END-- [ RunTime:0.002399s ]
SQL: SHOW COLUMNS FROM `class` [ RunTime:0.0040s ]
SQL: SHOW COLUMNS FROM `cate` [ RunTime:0.0038s ]
SQL: SELECT `id` FROM `cate` WHERE `cname` = 'HTML5工程师'  [ RunTime:0.0007s ]
SQL: SELECT `id`,`className` FROM `class` WHERE ( classCate=4 )  [ RunTime:0.0007s ]

[ 2016-08-08T10:27:33+08:00 ] ::1 /jiaolianyuan/index.php/Home/Login/login.html
INFO: [ app_init ] --START--
INFO: Run Behavior\BuildLiteBehavior [ RunTime:0.000036s ]
INFO: [ app_init ] --END-- [ RunTime:0.001538s ]
INFO: [ app_begin ] --START--
INFO: Run Behavior\ReadHtmlCacheBehavior [ RunTime:0.002292s ]
INFO: [ app_begin ] --END-- [ RunTime:0.002482s ]
INFO: [ view_parse ] --START--
INFO: [ template_filter ] --START--
INFO: Run Behavior\ContentReplaceBehavior [ RunTime:0.000136s ]
INFO: [ template_filter ] --END-- [ RunTime:0.000286s ]
INFO: Run Behavior\ParseTemplateBehavior [ RunTime:0.021050s ]
INFO: [ view_parse ] --END-- [ RunTime:0.021207s ]
INFO: [ view_filter ] --START--
INFO: Run Behavior\WriteHtmlCacheBehavior [ RunTime:0.001746s ]
INFO: [ view_filter ] --END-- [ RunTime:0.001862s ]
INFO: [ app_end ] --START--
INFO: Run Behavior\ShowPageTraceBehavior [ RunTime:0.002344s ]
INFO: [ app_end ] --END-- [ RunTime:0.002481s ]

[ 2016-08-08T10:27:33+08:00 ] ::1 /jiaolianyuan/index.php/Home/Login/verify
INFO: [ app_init ] --START--
INFO: Run Behavior\BuildLiteBehavior [ RunTime:0.000041s ]
INFO: [ app_init ] --END-- [ RunTime:0.001655s ]
INFO: [ app_begin ] --START--
INFO: Run Behavior\ReadHtmlCacheBehavior [ RunTime:0.015370s ]
INFO: [ app_begin ] --END-- [ RunTime:0.016038s ]
INFO: [ app_end ] --START--
INFO: Run Behavior\ShowPageTraceBehavior [ RunTime:0.002466s ]
INFO: [ app_end ] --END-- [ RunTime:0.002656s ]

[ 2016-08-08T10:29:29+08:00 ] ::1 /jiaolianyuan/index.php/Home/register/register.html
INFO: [ app_init ] --START--
INFO: Run Behavior\BuildLiteBehavior [ RunTime:0.000151s ]
INFO: [ app_init ] --END-- [ RunTime:0.002473s ]
INFO: [ app_begin ] --START--
INFO: Run Behavior\ReadHtmlCacheBehavior [ RunTime:0.003664s ]
INFO: [ app_begin ] --END-- [ RunTime:0.003868s ]
INFO: [ view_parse ] --START--
INFO: [ template_filter ] --START--
INFO: Run Behavior\ContentReplaceBehavior [ RunTime:0.000232s ]
INFO: [ template_filter ] --END-- [ RunTime:0.000427s ]
INFO: Run Behavior\ParseTemplateBehavior [ RunTime:0.062061s ]
INFO: [ view_parse ] --END-- [ RunTime:0.062328s ]
INFO: [ view_filter ] --START--
INFO: Run Behavior\WriteHtmlCacheBehavior [ RunTime:0.002037s ]
INFO: [ view_filter ] --END-- [ RunTime:0.002215s ]
INFO: [ app_end ] --START--
INFO: Run Behavior\ShowPageTraceBehavior [ RunTime:0.003392s ]
INFO: [ app_end ] --END-- [ RunTime:0.003547s ]

[ 2016-08-08T10:29:29+08:00 ] ::1 /jiaolianyuan/index.php/Home/Register/verify
INFO: [ app_init ] --START--
INFO: Run Behavior\BuildLiteBehavior [ RunTime:0.000056s ]
INFO: [ app_init ] --END-- [ RunTime:0.001809s ]
INFO: [ app_begin ] --START--
INFO: Run Behavior\ReadHtmlCacheBehavior [ RunTime:0.006959s ]
INFO: [ app_begin ] --END-- [ RunTime:0.007155s ]
INFO: [ app_end ] --START--
INFO: Run Behavior\ShowPageTraceBehavior [ RunTime:0.002732s ]
INFO: [ app_end ] --END-- [ RunTime:0.002928s ]

